2018-03-02 00:00:17.123 -DEBUG 13008 [ XNIO-2 task-35] com.zhanghe.mapper.AccountMapper.insert  : ==>  Preparing: INSERT INTO account ( loginaccount, email, phone, `domain`, `name` ) VALUES ( ?, ?, ?, ?, ? ) 
2018-03-02 00:00:17.142 -DEBUG 13008 [ XNIO-2 task-35] com.zhanghe.mapper.AccountMapper.insert  : ==> Parameters: 123(String), 32(String), 3213(String), 21312(String), 3123(String)
2018-03-02 00:00:17.143 -DEBUG 13008 [ XNIO-2 task-35] com.zhanghe.mapper.AccountMapper.insert  : <==    Updates: 1
2018-03-02 00:02:31.006 -DEBUG 13008 [ XNIO-2 task-37] c.z.mapper.AccountMapper.selectPage      : ==>  Preparing: SELECT COUNT(1) FROM account 
2018-03-02 00:02:31.006 -DEBUG 13008 [ XNIO-2 task-37] c.z.mapper.AccountMapper.selectPage      : ==> Parameters: 
2018-03-02 00:02:31.008 -DEBUG 13008 [ XNIO-2 task-37] c.z.mapper.AccountMapper.selectPage      : ==>  Preparing: SELECT id,loginaccount,`password`,email,phone,`domain`,`name` FROM account LIMIT 0,10 
2018-03-02 00:02:31.008 -DEBUG 13008 [ XNIO-2 task-37] c.z.mapper.AccountMapper.selectPage      : ==> Parameters: 
2018-03-02 00:02:31.009 -DEBUG 13008 [ XNIO-2 task-37] c.z.mapper.AccountMapper.selectPage      : <==      Total: 10
2018-03-02 00:02:37.356 -DEBUG 13008 [ XNIO-2 task-39] c.z.mapper.AccountMapper.selectPage      : ==>  Preparing: SELECT COUNT(1) FROM account 
2018-03-02 00:02:37.356 -DEBUG 13008 [ XNIO-2 task-39] c.z.mapper.AccountMapper.selectPage      : ==> Parameters: 
2018-03-02 00:02:37.357 -DEBUG 13008 [ XNIO-2 task-39] c.z.mapper.AccountMapper.selectPage      : ==>  Preparing: SELECT id,loginaccount,`password`,email,phone,`domain`,`name` FROM account LIMIT 0,10 
2018-03-02 00:02:37.357 -DEBUG 13008 [ XNIO-2 task-39] c.z.mapper.AccountMapper.selectPage      : ==> Parameters: 
2018-03-02 00:02:37.359 -DEBUG 13008 [ XNIO-2 task-39] c.z.mapper.AccountMapper.selectPage      : <==      Total: 10
2018-03-02 00:03:24.087 -DEBUG 13008 [ XNIO-2 task-42] c.z.mapper.AccountMapper.selectPage      : ==>  Preparing: SELECT COUNT(1) FROM account 
2018-03-02 00:03:24.087 -DEBUG 13008 [ XNIO-2 task-42] c.z.mapper.AccountMapper.selectPage      : ==> Parameters: 
2018-03-02 00:03:24.089 -DEBUG 13008 [ XNIO-2 task-42] c.z.mapper.AccountMapper.selectPage      : ==>  Preparing: SELECT id,loginaccount,`password`,email,phone,`domain`,`name` FROM account LIMIT 0,10 
2018-03-02 00:03:24.089 -DEBUG 13008 [ XNIO-2 task-42] c.z.mapper.AccountMapper.selectPage      : ==> Parameters: 
2018-03-02 00:03:24.090 -DEBUG 13008 [ XNIO-2 task-42] c.z.mapper.AccountMapper.selectPage      : <==      Total: 10
2018-03-02 00:03:25.942 -DEBUG 13008 [ XNIO-2 task-41] c.z.mapper.AccountMapper.selectPage      : ==>  Preparing: SELECT COUNT(1) FROM account 
2018-03-02 00:03:25.943 -DEBUG 13008 [ XNIO-2 task-41] c.z.mapper.AccountMapper.selectPage      : ==> Parameters: 
2018-03-02 00:03:25.946 -DEBUG 13008 [ XNIO-2 task-41] c.z.mapper.AccountMapper.selectPage      : ==>  Preparing: SELECT id,loginaccount,`password`,email,phone,`domain`,`name` FROM account LIMIT 0,10 
2018-03-02 00:03:25.948 -DEBUG 13008 [ XNIO-2 task-41] c.z.mapper.AccountMapper.selectPage      : ==> Parameters: 
2018-03-02 00:03:25.951 -DEBUG 13008 [ XNIO-2 task-41] c.z.mapper.AccountMapper.selectPage      : <==      Total: 10
2018-03-02 00:03:28.153 -DEBUG 13008 [ XNIO-2 task-43] c.z.mapper.AccountMapper.selectPage      : ==>  Preparing: SELECT COUNT(1) FROM account 
2018-03-02 00:03:28.153 -DEBUG 13008 [ XNIO-2 task-43] c.z.mapper.AccountMapper.selectPage      : ==> Parameters: 
2018-03-02 00:03:28.154 -DEBUG 13008 [ XNIO-2 task-43] c.z.mapper.AccountMapper.selectPage      : ==>  Preparing: SELECT id,loginaccount,`password`,email,phone,`domain`,`name` FROM account LIMIT 10,10 
2018-03-02 00:03:28.155 -DEBUG 13008 [ XNIO-2 task-43] c.z.mapper.AccountMapper.selectPage      : ==> Parameters: 
2018-03-02 00:03:28.155 -DEBUG 13008 [ XNIO-2 task-43] c.z.mapper.AccountMapper.selectPage      : <==      Total: 6
2018-03-02 00:03:29.088 -DEBUG 13008 [ XNIO-2 task-44] c.z.mapper.AccountMapper.selectPage      : ==>  Preparing: SELECT COUNT(1) FROM account 
2018-03-02 00:03:29.088 -DEBUG 13008 [ XNIO-2 task-44] c.z.mapper.AccountMapper.selectPage      : ==> Parameters: 
2018-03-02 00:03:29.091 -DEBUG 13008 [ XNIO-2 task-44] c.z.mapper.AccountMapper.selectPage      : ==>  Preparing: SELECT id,loginaccount,`password`,email,phone,`domain`,`name` FROM account LIMIT 0,10 
2018-03-02 00:03:29.092 -DEBUG 13008 [ XNIO-2 task-44] c.z.mapper.AccountMapper.selectPage      : ==> Parameters: 
2018-03-02 00:03:29.094 -DEBUG 13008 [ XNIO-2 task-44] c.z.mapper.AccountMapper.selectPage      : <==      Total: 10
2018-03-02 00:03:33.430 -DEBUG 13008 [ XNIO-2 task-45] com.zhanghe.mapper.AccountMapper.insert  : ==>  Preparing: INSERT INTO account ( loginaccount, email, phone, `domain`, `name` ) VALUES ( ?, ?, ?, ?, ? ) 
2018-03-02 00:03:33.431 -DEBUG 13008 [ XNIO-2 task-45] com.zhanghe.mapper.AccountMapper.insert  : ==> Parameters: 32(String), 434(String), 4243(String), 2432(String), 434(String)
2018-03-02 00:03:33.432 -DEBUG 13008 [ XNIO-2 task-45] com.zhanghe.mapper.AccountMapper.insert  : <==    Updates: 1
2018-03-02 00:03:50.063 -DEBUG 13008 [ XNIO-2 task-47] c.z.mapper.AccountMapper.selectPage      : ==>  Preparing: SELECT COUNT(1) FROM account 
2018-03-02 00:03:50.064 -DEBUG 13008 [ XNIO-2 task-47] c.z.mapper.AccountMapper.selectPage      : ==> Parameters: 
2018-03-02 00:03:50.065 -DEBUG 13008 [ XNIO-2 task-47] c.z.mapper.AccountMapper.selectPage      : ==>  Preparing: SELECT id,loginaccount,`password`,email,phone,`domain`,`name` FROM account LIMIT 0,10 
2018-03-02 00:03:50.065 -DEBUG 13008 [ XNIO-2 task-47] c.z.mapper.AccountMapper.selectPage      : ==> Parameters: 
2018-03-02 00:03:50.066 -DEBUG 13008 [ XNIO-2 task-47] c.z.mapper.AccountMapper.selectPage      : <==      Total: 10
2018-03-02 00:15:43.273 -DEBUG 13008 [ XNIO-2 task-49] c.z.mapper.AccountMapper.selectPage      : ==>  Preparing: SELECT COUNT(1) FROM account 
2018-03-02 00:15:43.274 -DEBUG 13008 [ XNIO-2 task-49] c.z.mapper.AccountMapper.selectPage      : ==> Parameters: 
2018-03-02 00:15:43.276 -DEBUG 13008 [ XNIO-2 task-49] c.z.mapper.AccountMapper.selectPage      : ==>  Preparing: SELECT id,loginaccount,`password`,email,phone,`domain`,`name` FROM account LIMIT 0,10 
2018-03-02 00:15:43.276 -DEBUG 13008 [ XNIO-2 task-49] c.z.mapper.AccountMapper.selectPage      : ==> Parameters: 
2018-03-02 00:15:43.277 -DEBUG 13008 [ XNIO-2 task-49] c.z.mapper.AccountMapper.selectPage      : <==      Total: 10
2018-03-02 00:18:26.607 -DEBUG 13008 [ XNIO-2 task-50] c.z.mapper.AccountMapper.selectPage      : ==>  Preparing: SELECT COUNT(1) FROM account 
2018-03-02 00:18:26.607 -DEBUG 13008 [ XNIO-2 task-50] c.z.mapper.AccountMapper.selectPage      : ==> Parameters: 
2018-03-02 00:18:26.609 -DEBUG 13008 [ XNIO-2 task-50] c.z.mapper.AccountMapper.selectPage      : ==>  Preparing: SELECT id,loginaccount,`password`,email,phone,`domain`,`name` FROM account LIMIT 0,10 
2018-03-02 00:18:26.609 -DEBUG 13008 [ XNIO-2 task-50] c.z.mapper.AccountMapper.selectPage      : ==> Parameters: 
2018-03-02 00:18:26.610 -DEBUG 13008 [ XNIO-2 task-50] c.z.mapper.AccountMapper.selectPage      : <==      Total: 10
2018-03-02 00:19:09.819 -DEBUG 13008 [ XNIO-2 task-53] c.z.mapper.AccountMapper.selectPage      : ==>  Preparing: SELECT COUNT(1) FROM account 
2018-03-02 00:19:09.820 -DEBUG 13008 [ XNIO-2 task-53] c.z.mapper.AccountMapper.selectPage      : ==> Parameters: 
2018-03-02 00:19:09.821 -DEBUG 13008 [ XNIO-2 task-53] c.z.mapper.AccountMapper.selectPage      : ==>  Preparing: SELECT id,loginaccount,`password`,email,phone,`domain`,`name` FROM account LIMIT 0,10 
2018-03-02 00:19:09.821 -DEBUG 13008 [ XNIO-2 task-53] c.z.mapper.AccountMapper.selectPage      : ==> Parameters: 
2018-03-02 00:19:09.822 -DEBUG 13008 [ XNIO-2 task-53] c.z.mapper.AccountMapper.selectPage      : <==      Total: 10
2018-03-02 00:20:12.323 -DEBUG 13008 [ XNIO-2 task-54] com.zhanghe.mapper.AccountMapper.insert  : ==>  Preparing: INSERT INTO account ( loginaccount, email, phone, `domain`, `name` ) VALUES ( ?, ?, ?, ?, ? ) 
2018-03-02 00:20:12.324 -DEBUG 13008 [ XNIO-2 task-54] com.zhanghe.mapper.AccountMapper.insert  : ==> Parameters: 日式sd(String), ewa(String), asdsdas(String), (String), (String)
2018-03-02 00:20:12.326 -DEBUG 13008 [ XNIO-2 task-54] com.zhanghe.mapper.AccountMapper.insert  : <==    Updates: 1
2018-03-02 00:20:18.599 -DEBUG 13008 [ XNIO-2 task-55] com.zhanghe.mapper.AccountMapper.insert  : ==>  Preparing: INSERT INTO account ( loginaccount, email, phone, `domain` ) VALUES ( ?, ?, ?, ? ) 
2018-03-02 00:20:18.601 -DEBUG 13008 [ XNIO-2 task-55] com.zhanghe.mapper.AccountMapper.insert  : ==> Parameters: 骚等骚等(String), 圣斗士(String), 色调s(String), 色调是(String)
2018-03-02 00:20:18.604 -DEBUG 13008 [ XNIO-2 task-55] com.zhanghe.mapper.AccountMapper.insert  : <==    Updates: 1
2018-03-02 00:20:53.475 -DEBUG 13008 [ XNIO-2 task-56] com.zhanghe.mapper.AccountMapper.insert  : ==>  Preparing: INSERT INTO account VALUES 
2018-03-02 00:22:40.155 -DEBUG 13008 [ XNIO-2 task-58] c.z.mapper.AccountMapper.selectPage      : ==>  Preparing: SELECT COUNT(1) FROM account 
2018-03-02 00:22:40.155 -DEBUG 13008 [ XNIO-2 task-58] c.z.mapper.AccountMapper.selectPage      : ==> Parameters: 
2018-03-02 00:22:40.156 -DEBUG 13008 [ XNIO-2 task-58] c.z.mapper.AccountMapper.selectPage      : ==>  Preparing: SELECT id,loginaccount,`password`,email,phone,`domain`,`name` FROM account LIMIT 0,10 
2018-03-02 00:22:40.157 -DEBUG 13008 [ XNIO-2 task-58] c.z.mapper.AccountMapper.selectPage      : ==> Parameters: 
2018-03-02 00:22:40.158 -DEBUG 13008 [ XNIO-2 task-58] c.z.mapper.AccountMapper.selectPage      : <==      Total: 10
2018-03-02 00:22:44.037 -DEBUG 13008 [ XNIO-2 task-59] com.zhanghe.mapper.AccountMapper.insert  : ==>  Preparing: INSERT INTO account ( loginaccount, email, phone, `domain`, `name` ) VALUES ( ?, ?, ?, ?, ? ) 
2018-03-02 00:22:44.038 -DEBUG 13008 [ XNIO-2 task-59] com.zhanghe.mapper.AccountMapper.insert  : ==> Parameters: (String), 3423(String), 432(String), 434(String), 324(String)
2018-03-02 00:22:44.041 -DEBUG 13008 [ XNIO-2 task-59] com.zhanghe.mapper.AccountMapper.insert  : <==    Updates: 1
2018-03-02 00:22:48.369 -DEBUG 13008 [ XNIO-2 task-60] com.zhanghe.mapper.AccountMapper.insert  : ==>  Preparing: INSERT INTO account ( loginaccount, email, phone, `domain`, `name` ) VALUES ( ?, ?, ?, ?, ? ) 
2018-03-02 00:22:48.370 -DEBUG 13008 [ XNIO-2 task-60] com.zhanghe.mapper.AccountMapper.insert  : ==> Parameters: 343(String), 4324(String), 343(String), 24324(String), 3(String)
2018-03-02 00:22:48.372 -DEBUG 13008 [ XNIO-2 task-60] com.zhanghe.mapper.AccountMapper.insert  : <==    Updates: 1
2018-03-02 00:23:06.570 -DEBUG 13008 [ XNIO-2 task-62] c.z.mapper.AccountMapper.selectPage      : ==>  Preparing: SELECT COUNT(1) FROM account 
2018-03-02 00:23:06.570 -DEBUG 13008 [ XNIO-2 task-62] c.z.mapper.AccountMapper.selectPage      : ==> Parameters: 
2018-03-02 00:23:06.572 -DEBUG 13008 [ XNIO-2 task-62] c.z.mapper.AccountMapper.selectPage      : ==>  Preparing: SELECT id,loginaccount,`password`,email,phone,`domain`,`name` FROM account LIMIT 0,10 
2018-03-02 00:23:06.572 -DEBUG 13008 [ XNIO-2 task-62] c.z.mapper.AccountMapper.selectPage      : ==> Parameters: 
2018-03-02 00:23:06.574 -DEBUG 13008 [ XNIO-2 task-62] c.z.mapper.AccountMapper.selectPage      : <==      Total: 10
2018-03-02 00:23:10.495 -DEBUG 13008 [ XNIO-2 task-63] com.zhanghe.mapper.AccountMapper.insert  : ==>  Preparing: INSERT INTO account ( loginaccount, email, phone, `domain`, `name` ) VALUES ( ?, ?, ?, ?, ? ) 
2018-03-02 00:23:10.497 -DEBUG 13008 [ XNIO-2 task-63] com.zhanghe.mapper.AccountMapper.insert  : ==> Parameters: 32432(String), 34(String), 4324(String), 34(String), 32423(String)
2018-03-02 00:23:10.500 -DEBUG 13008 [ XNIO-2 task-63] com.zhanghe.mapper.AccountMapper.insert  : <==    Updates: 1
2018-03-02 00:24:28.735 -DEBUG 13008 [  XNIO-2 task-1] c.z.mapper.AccountMapper.selectPage      : ==>  Preparing: SELECT COUNT(1) FROM account 
2018-03-02 00:24:28.736 -DEBUG 13008 [  XNIO-2 task-1] c.z.mapper.AccountMapper.selectPage      : ==> Parameters: 
2018-03-02 00:24:28.738 -DEBUG 13008 [  XNIO-2 task-1] c.z.mapper.AccountMapper.selectPage      : ==>  Preparing: SELECT id,loginaccount,`password`,email,phone,`domain`,`name` FROM account LIMIT 0,10 
2018-03-02 00:24:28.738 -DEBUG 13008 [  XNIO-2 task-1] c.z.mapper.AccountMapper.selectPage      : ==> Parameters: 
2018-03-02 00:24:28.740 -DEBUG 13008 [  XNIO-2 task-1] c.z.mapper.AccountMapper.selectPage      : <==      Total: 10
2018-03-02 00:24:50.776 -DEBUG 13008 [  XNIO-2 task-3] c.z.mapper.AccountMapper.selectPage      : ==>  Preparing: SELECT COUNT(1) FROM account 
2018-03-02 00:24:50.777 -DEBUG 13008 [  XNIO-2 task-3] c.z.mapper.AccountMapper.selectPage      : ==> Parameters: 
2018-03-02 00:24:50.778 -DEBUG 13008 [  XNIO-2 task-3] c.z.mapper.AccountMapper.selectPage      : ==>  Preparing: SELECT id,loginaccount,`password`,email,phone,`domain`,`name` FROM account LIMIT 0,10 
2018-03-02 00:24:50.778 -DEBUG 13008 [  XNIO-2 task-3] c.z.mapper.AccountMapper.selectPage      : ==> Parameters: 
2018-03-02 00:24:50.780 -DEBUG 13008 [  XNIO-2 task-3] c.z.mapper.AccountMapper.selectPage      : <==      Total: 10
2018-03-02 00:25:01.994 -DEBUG 13008 [  XNIO-2 task-5] com.zhanghe.mapper.AccountMapper.insert  : ==>  Preparing: INSERT INTO account ( loginaccount, email, phone, `domain`, `name` ) VALUES ( ?, ?, ?, ?, ? ) 
2018-03-02 00:25:01.995 -DEBUG 13008 [  XNIO-2 task-5] com.zhanghe.mapper.AccountMapper.insert  : ==> Parameters: 43243(String), 32432(String), 432(String), 4343(String), 434(String)
2018-03-02 00:25:01.998 -DEBUG 13008 [  XNIO-2 task-5] com.zhanghe.mapper.AccountMapper.insert  : <==    Updates: 1
2018-03-02 00:25:08.159 -DEBUG 13008 [  XNIO-2 task-4] com.zhanghe.mapper.AccountMapper.insert  : ==>  Preparing: INSERT INTO account ( loginaccount, email, phone, `domain`, `name` ) VALUES ( ?, ?, ?, ?, ? ) 
2018-03-02 00:25:08.160 -DEBUG 13008 [  XNIO-2 task-4] com.zhanghe.mapper.AccountMapper.insert  : ==> Parameters: 32423(String), 324(String), 3443(String), 4343(String), 434(String)
2018-03-02 00:25:08.162 -DEBUG 13008 [  XNIO-2 task-4] com.zhanghe.mapper.AccountMapper.insert  : <==    Updates: 1
2018-03-02 00:25:16.632 -DEBUG 13008 [  XNIO-2 task-6] c.z.mapper.AccountMapper.updateById      : ==>  Preparing: UPDATE account SET loginaccount=?, email=?, phone=?, `domain`=?, `name`=? WHERE id=? 
2018-03-02 00:25:16.633 -DEBUG 13008 [  XNIO-2 task-6] c.z.mapper.AccountMapper.updateById      : ==> Parameters: 121(String), 3213(String), 13213(String), 12321321(String), 3123啊(String), 3(Long)
2018-03-02 00:25:16.635 -DEBUG 13008 [  XNIO-2 task-6] c.z.mapper.AccountMapper.updateById      : <==    Updates: 1
2018-03-02 00:25:22.906 -DEBUG 13008 [  XNIO-2 task-7] c.z.mapper.AccountMapper.updateById      : ==>  Preparing: UPDATE account SET loginaccount=?, `name`=? WHERE id=? 
2018-03-02 00:25:22.907 -DEBUG 13008 [  XNIO-2 task-7] c.z.mapper.AccountMapper.updateById      : ==> Parameters: 12122(String), 2(String), 7(Long)
2018-03-02 00:25:22.909 -DEBUG 13008 [  XNIO-2 task-7] c.z.mapper.AccountMapper.updateById      : <==    Updates: 1
2018-03-02 00:25:27.816 -DEBUG 13008 [  XNIO-2 task-8] c.z.mapper.AccountMapper.selectPage      : ==>  Preparing: SELECT COUNT(1) FROM account 
2018-03-02 00:25:27.816 -DEBUG 13008 [  XNIO-2 task-8] c.z.mapper.AccountMapper.selectPage      : ==> Parameters: 
2018-03-02 00:25:27.819 -DEBUG 13008 [  XNIO-2 task-8] c.z.mapper.AccountMapper.selectPage      : ==>  Preparing: SELECT id,loginaccount,`password`,email,phone,`domain`,`name` FROM account LIMIT 0,10 
2018-03-02 00:25:27.819 -DEBUG 13008 [  XNIO-2 task-8] c.z.mapper.AccountMapper.selectPage      : ==> Parameters: 
2018-03-02 00:25:27.821 -DEBUG 13008 [  XNIO-2 task-8] c.z.mapper.AccountMapper.selectPage      : <==      Total: 10
2018-03-02 00:25:48.045 -DEBUG 13008 [  XNIO-2 task-9] c.z.mapper.AccountMapper.updateById      : ==>  Preparing: UPDATE account SET loginaccount=?, email=?, phone=?, `domain`=?, `name`=? WHERE id=? 
2018-03-02 00:25:48.045 -DEBUG 13008 [  XNIO-2 task-9] c.z.mapper.AccountMapper.updateById      : ==> Parameters: 554645932(String), (String), 15378202040(String), qq.com(String), (String), 3(Long)
2018-03-02 00:25:48.047 -DEBUG 13008 [  XNIO-2 task-9] c.z.mapper.AccountMapper.updateById      : <==    Updates: 1
2018-03-02 00:25:49.677 -DEBUG 13008 [ XNIO-2 task-11] c.z.mapper.AccountMapper.selectPage      : ==>  Preparing: SELECT COUNT(1) FROM account 
2018-03-02 00:25:49.678 -DEBUG 13008 [ XNIO-2 task-11] c.z.mapper.AccountMapper.selectPage      : ==> Parameters: 
2018-03-02 00:25:49.713 -DEBUG 13008 [ XNIO-2 task-11] c.z.mapper.AccountMapper.selectPage      : ==>  Preparing: SELECT id,loginaccount,`password`,email,phone,`domain`,`name` FROM account LIMIT 0,10 
2018-03-02 00:25:49.714 -DEBUG 13008 [ XNIO-2 task-11] c.z.mapper.AccountMapper.selectPage      : ==> Parameters: 
2018-03-02 00:25:49.716 -DEBUG 13008 [ XNIO-2 task-11] c.z.mapper.AccountMapper.selectPage      : <==      Total: 10
2018-03-02 00:26:12.030 -DEBUG 13008 [ XNIO-2 task-10] c.z.mapper.AccountMapper.selectPage      : ==>  Preparing: SELECT COUNT(1) FROM account 
2018-03-02 00:26:12.030 -DEBUG 13008 [ XNIO-2 task-10] c.z.mapper.AccountMapper.selectPage      : ==> Parameters: 
2018-03-02 00:26:12.031 -DEBUG 13008 [ XNIO-2 task-10] c.z.mapper.AccountMapper.selectPage      : ==>  Preparing: SELECT id,loginaccount,`password`,email,phone,`domain`,`name` FROM account LIMIT 0,10 
2018-03-02 00:26:12.032 -DEBUG 13008 [ XNIO-2 task-10] c.z.mapper.AccountMapper.selectPage      : ==> Parameters: 
2018-03-02 00:26:12.033 -DEBUG 13008 [ XNIO-2 task-10] c.z.mapper.AccountMapper.selectPage      : <==      Total: 10
2018-03-02 00:26:17.357 -DEBUG 13008 [ XNIO-2 task-14] com.zhanghe.mapper.AccountMapper.insert  : ==>  Preparing: INSERT INTO account ( loginaccount, email, phone, `domain`, `name` ) VALUES ( ?, ?, ?, ?, ? ) 
2018-03-02 00:26:17.357 -DEBUG 13008 [ XNIO-2 task-14] com.zhanghe.mapper.AccountMapper.insert  : ==> Parameters: asdsd(String), sd(String), 圣斗士dsd(String), 实打实大师多撒(String), 骚等骚等(String)
2018-03-02 00:26:17.358 -DEBUG 13008 [ XNIO-2 task-14] com.zhanghe.mapper.AccountMapper.insert  : <==    Updates: 1
2018-03-02 00:26:17.504 -DEBUG 13008 [ XNIO-2 task-15] c.z.mapper.AccountMapper.selectPage      : ==>  Preparing: SELECT COUNT(1) FROM account 
2018-03-02 00:26:17.504 -DEBUG 13008 [ XNIO-2 task-15] c.z.mapper.AccountMapper.selectPage      : ==> Parameters: 
2018-03-02 00:26:17.505 -DEBUG 13008 [ XNIO-2 task-15] c.z.mapper.AccountMapper.selectPage      : ==>  Preparing: SELECT id,loginaccount,`password`,email,phone,`domain`,`name` FROM account LIMIT 0,10 
2018-03-02 00:26:17.505 -DEBUG 13008 [ XNIO-2 task-15] c.z.mapper.AccountMapper.selectPage      : ==> Parameters: 
2018-03-02 00:26:17.506 -DEBUG 13008 [ XNIO-2 task-15] c.z.mapper.AccountMapper.selectPage      : <==      Total: 10
2018-03-02 00:26:22.201 -DEBUG 13008 [ XNIO-2 task-16] c.z.mapper.AccountMapper.updateById      : ==>  Preparing: UPDATE account SET loginaccount=?, email=?, phone=?, `domain`=?, `name`=? WHERE id=? 
2018-03-02 00:26:22.203 -DEBUG 13008 [ XNIO-2 task-16] c.z.mapper.AccountMapper.updateById      : ==> Parameters: 12323(String), 23231(String), 23213(String), 2131232(String), 213232(String), 2(Long)
2018-03-02 00:26:22.205 -DEBUG 13008 [ XNIO-2 task-16] c.z.mapper.AccountMapper.updateById      : <==    Updates: 1
2018-03-02 00:26:22.345 -DEBUG 13008 [ XNIO-2 task-17] c.z.mapper.AccountMapper.selectPage      : ==>  Preparing: SELECT COUNT(1) FROM account 
2018-03-02 00:26:22.345 -DEBUG 13008 [ XNIO-2 task-17] c.z.mapper.AccountMapper.selectPage      : ==> Parameters: 
2018-03-02 00:26:22.348 -DEBUG 13008 [ XNIO-2 task-17] c.z.mapper.AccountMapper.selectPage      : ==>  Preparing: SELECT id,loginaccount,`password`,email,phone,`domain`,`name` FROM account LIMIT 0,10 
2018-03-02 00:26:22.348 -DEBUG 13008 [ XNIO-2 task-17] c.z.mapper.AccountMapper.selectPage      : ==> Parameters: 
2018-03-02 00:26:22.350 -DEBUG 13008 [ XNIO-2 task-17] c.z.mapper.AccountMapper.selectPage      : <==      Total: 10
2018-03-02 00:34:39.278 -DEBUG 13008 [ XNIO-2 task-20] c.z.mapper.AccountMapper.selectPage      : ==>  Preparing: SELECT COUNT(1) FROM account 
2018-03-02 00:34:39.278 -DEBUG 13008 [ XNIO-2 task-20] c.z.mapper.AccountMapper.selectPage      : ==> Parameters: 
2018-03-02 00:34:39.279 -DEBUG 13008 [ XNIO-2 task-20] c.z.mapper.AccountMapper.selectPage      : ==>  Preparing: SELECT id,loginaccount,`password`,email,phone,`domain`,`name` FROM account LIMIT 0,10 
2018-03-02 00:34:39.280 -DEBUG 13008 [ XNIO-2 task-20] c.z.mapper.AccountMapper.selectPage      : ==> Parameters: 
2018-03-02 00:34:39.281 -DEBUG 13008 [ XNIO-2 task-20] c.z.mapper.AccountMapper.selectPage      : <==      Total: 10
