2018-02-26 22:07:19.472 - INFO 9728 [  restartedMain] com.zhanghe.Application                  : Starting Application on Clevo-PC with PID 9728 (F:\GitWorkSpace\pwmanager\target\classes started by Clevo in F:\GitWorkSpace\pwmanager)
2018-02-26 22:07:19.473 -DEBUG 9728 [  restartedMain] com.zhanghe.Application                  : Running with Spring Boot v1.5.2.RELEASE, Spring v4.3.7.RELEASE
2018-02-26 22:07:19.473 - INFO 9728 [  restartedMain] com.zhanghe.Application                  : The following profiles are active: dev
2018-02-26 22:10:40.687 - INFO 6256 [  restartedMain] com.zhanghe.Application                  : Starting Application on Clevo-PC with PID 6256 (F:\GitWorkSpace\pwmanager\target\classes started by Clevo in F:\GitWorkSpace\pwmanager)
2018-02-26 22:10:40.689 -DEBUG 6256 [  restartedMain] com.zhanghe.Application                  : Running with Spring Boot v1.5.2.RELEASE, Spring v4.3.7.RELEASE
2018-02-26 22:10:40.689 - INFO 6256 [  restartedMain] com.zhanghe.Application                  : The following profiles are active: dev
2018-02-26 22:10:48.504 - INFO 6256 [  restartedMain] com.zhanghe.Application                  : Started Application in 8.2 seconds (JVM running for 8.852)
2018-02-26 22:19:47.003 -DEBUG 6256 [ XNIO-2 task-22] com.zhanghe.mapper.UserMapper.selectOne  : ==>  Preparing: SELECT id,userName,`name`,`password`,salt,`status` FROM user WHERE userName=? 
2018-02-26 22:19:47.133 -DEBUG 6256 [ XNIO-2 task-22] com.zhanghe.mapper.UserMapper.selectOne  : ==> Parameters: zhang(String)
2018-02-26 22:19:47.147 -DEBUG 6256 [ XNIO-2 task-22] com.zhanghe.mapper.UserMapper.selectOne  : <==      Total: 1
2018-02-26 22:19:47.162 -DEBUG 6256 [ XNIO-2 task-22] com.zhanghe.mapper.UserMapper.selectOne  : ==>  Preparing: SELECT id,userName,`name`,`password`,salt,`status` FROM user WHERE userName=? 
2018-02-26 22:19:47.163 -DEBUG 6256 [ XNIO-2 task-22] com.zhanghe.mapper.UserMapper.selectOne  : ==> Parameters: zhang(String)
2018-02-26 22:19:47.165 -DEBUG 6256 [ XNIO-2 task-22] com.zhanghe.mapper.UserMapper.selectOne  : <==      Total: 1
2018-02-26 22:19:47.183 -DEBUG 6256 [ XNIO-2 task-22] com.zhanghe.mapper.UserMapper.selectOne  : ==>  Preparing: SELECT id,userName,`name`,`password`,salt,`status` FROM user WHERE userName=? 
2018-02-26 22:19:47.184 -DEBUG 6256 [ XNIO-2 task-22] com.zhanghe.mapper.UserMapper.selectOne  : ==> Parameters: zhang(String)
2018-02-26 22:19:47.186 -DEBUG 6256 [ XNIO-2 task-22] com.zhanghe.mapper.UserMapper.selectOne  : <==      Total: 1
2018-02-26 22:19:57.399 -DEBUG 6256 [ XNIO-2 task-23] com.zhanghe.mapper.UserMapper.selectOne  : ==>  Preparing: SELECT id,userName,`name`,`password`,salt,`status` FROM user WHERE userName=? 
2018-02-26 22:19:57.400 -DEBUG 6256 [ XNIO-2 task-23] com.zhanghe.mapper.UserMapper.selectOne  : ==> Parameters: zhang(String)
2018-02-26 22:19:57.402 -DEBUG 6256 [ XNIO-2 task-23] com.zhanghe.mapper.UserMapper.selectOne  : <==      Total: 1
2018-02-26 22:19:57.403 -DEBUG 6256 [ XNIO-2 task-23] com.zhanghe.mapper.UserMapper.selectOne  : ==>  Preparing: SELECT id,userName,`name`,`password`,salt,`status` FROM user WHERE userName=? 
2018-02-26 22:19:57.404 -DEBUG 6256 [ XNIO-2 task-23] com.zhanghe.mapper.UserMapper.selectOne  : ==> Parameters: zhang(String)
2018-02-26 22:19:57.406 -DEBUG 6256 [ XNIO-2 task-23] com.zhanghe.mapper.UserMapper.selectOne  : <==      Total: 1
2018-02-26 22:19:57.408 -DEBUG 6256 [ XNIO-2 task-23] com.zhanghe.mapper.UserMapper.selectOne  : ==>  Preparing: SELECT id,userName,`name`,`password`,salt,`status` FROM user WHERE userName=? 
2018-02-26 22:19:57.409 -DEBUG 6256 [ XNIO-2 task-23] com.zhanghe.mapper.UserMapper.selectOne  : ==> Parameters: zhang(String)
2018-02-26 22:19:57.410 -DEBUG 6256 [ XNIO-2 task-23] com.zhanghe.mapper.UserMapper.selectOne  : <==      Total: 1
2018-02-26 22:19:58.030 -DEBUG 6256 [ XNIO-2 task-24] com.zhanghe.mapper.UserMapper.selectOne  : ==>  Preparing: SELECT id,userName,`name`,`password`,salt,`status` FROM user WHERE userName=? 
2018-02-26 22:19:58.031 -DEBUG 6256 [ XNIO-2 task-24] com.zhanghe.mapper.UserMapper.selectOne  : ==> Parameters: zhang(String)
2018-02-26 22:19:58.033 -DEBUG 6256 [ XNIO-2 task-24] com.zhanghe.mapper.UserMapper.selectOne  : <==      Total: 1
2018-02-26 22:19:58.034 -DEBUG 6256 [ XNIO-2 task-24] com.zhanghe.mapper.UserMapper.selectOne  : ==>  Preparing: SELECT id,userName,`name`,`password`,salt,`status` FROM user WHERE userName=? 
2018-02-26 22:19:58.034 -DEBUG 6256 [ XNIO-2 task-24] com.zhanghe.mapper.UserMapper.selectOne  : ==> Parameters: zhang(String)
2018-02-26 22:19:58.037 -DEBUG 6256 [ XNIO-2 task-24] com.zhanghe.mapper.UserMapper.selectOne  : <==      Total: 1
2018-02-26 22:19:58.039 -DEBUG 6256 [ XNIO-2 task-24] com.zhanghe.mapper.UserMapper.selectOne  : ==>  Preparing: SELECT id,userName,`name`,`password`,salt,`status` FROM user WHERE userName=? 
2018-02-26 22:19:58.040 -DEBUG 6256 [ XNIO-2 task-24] com.zhanghe.mapper.UserMapper.selectOne  : ==> Parameters: zhang(String)
2018-02-26 22:19:58.041 -DEBUG 6256 [ XNIO-2 task-24] com.zhanghe.mapper.UserMapper.selectOne  : <==      Total: 1
2018-02-27 00:26:11.379 - INFO 10736 [  restartedMain] com.zhanghe.Application                  : Starting Application on Clevo-PC with PID 10736 (F:\GitWorkSpace\pwmanager\target\classes started by Clevo in F:\GitWorkSpace\pwmanager)
2018-02-27 00:26:11.380 -DEBUG 10736 [  restartedMain] com.zhanghe.Application                  : Running with Spring Boot v1.5.2.RELEASE, Spring v4.3.7.RELEASE
2018-02-27 00:26:11.381 - INFO 10736 [  restartedMain] com.zhanghe.Application                  : The following profiles are active: dev
2018-02-27 00:26:18.507 - INFO 10736 [  restartedMain] com.zhanghe.Application                  : Started Application in 7.456 seconds (JVM running for 7.897)
2018-02-27 00:40:43.647 - INFO 11100 [  restartedMain] com.zhanghe.Application                  : Starting Application on Clevo-PC with PID 11100 (F:\GitWorkSpace\pwmanager\target\classes started by Clevo in F:\GitWorkSpace\pwmanager)
2018-02-27 00:40:43.648 -DEBUG 11100 [  restartedMain] com.zhanghe.Application                  : Running with Spring Boot v1.5.2.RELEASE, Spring v4.3.7.RELEASE
2018-02-27 00:40:43.648 - INFO 11100 [  restartedMain] com.zhanghe.Application                  : The following profiles are active: dev
2018-02-27 00:40:51.200 - INFO 11100 [  restartedMain] com.zhanghe.Application                  : Started Application in 7.908 seconds (JVM running for 8.371)
2018-02-27 00:41:19.374 - INFO 11496 [  restartedMain] com.zhanghe.Application                  : Starting Application on Clevo-PC with PID 11496 (F:\GitWorkSpace\pwmanager\target\classes started by Clevo in F:\GitWorkSpace\pwmanager)
2018-02-27 00:41:19.375 -DEBUG 11496 [  restartedMain] com.zhanghe.Application                  : Running with Spring Boot v1.5.2.RELEASE, Spring v4.3.7.RELEASE
2018-02-27 00:41:19.376 - INFO 11496 [  restartedMain] com.zhanghe.Application                  : The following profiles are active: dev
2018-02-27 00:41:27.129 - INFO 11496 [  restartedMain] com.zhanghe.Application                  : Started Application in 8.123 seconds (JVM running for 8.545)
2018-02-27 00:43:28.205 -DEBUG 11496 [  XNIO-2 task-1] c.z.mapper.AccountMapper.selectPage      : ==>  Preparing: SELECT COUNT(1) FROM account 
2018-02-27 00:43:28.282 -DEBUG 11496 [  XNIO-2 task-1] c.z.mapper.AccountMapper.selectPage      : ==> Parameters: 
2018-02-27 00:43:28.293 -DEBUG 11496 [  XNIO-2 task-1] c.z.mapper.AccountMapper.selectPage      : ==>  Preparing: SELECT id,loginaccount,`password`,email,phone,`domain`,`name` FROM account 
2018-02-27 00:43:28.295 -DEBUG 11496 [  XNIO-2 task-1] c.z.mapper.AccountMapper.selectPage      : ==> Parameters: 
2018-02-27 00:43:28.299 -DEBUG 11496 [  XNIO-2 task-1] c.z.mapper.AccountMapper.selectPage      : <==      Total: 0
2018-02-27 22:44:53.767 - INFO 9984 [  restartedMain] com.zhanghe.Application                  : Starting Application on Clevo-PC with PID 9984 (F:\GitWorkSpace\pwmanager\target\classes started by Clevo in F:\GitWorkSpace\pwmanager)
2018-02-27 22:44:53.768 -DEBUG 9984 [  restartedMain] com.zhanghe.Application                  : Running with Spring Boot v1.5.2.RELEASE, Spring v4.3.7.RELEASE
2018-02-27 22:44:53.769 - INFO 9984 [  restartedMain] com.zhanghe.Application                  : The following profiles are active: dev
2018-02-27 22:46:19.253 - INFO 6876 [  restartedMain] com.zhanghe.Application                  : Starting Application on Clevo-PC with PID 6876 (F:\GitWorkSpace\pwmanager\target\classes started by Clevo in F:\GitWorkSpace\pwmanager)
2018-02-27 22:46:19.254 -DEBUG 6876 [  restartedMain] com.zhanghe.Application                  : Running with Spring Boot v1.5.2.RELEASE, Spring v4.3.7.RELEASE
2018-02-27 22:46:19.254 - INFO 6876 [  restartedMain] com.zhanghe.Application                  : The following profiles are active: dev
