2018-02-28 01:03:12.755 - INFO 10972 [  restartedMain] com.zhanghe.Application                  : Starting Application on Clevo-PC with PID 10972 (F:\GitWorkSpace\pwmanager\target\classes started by Clevo in F:\GitWorkSpace\pwmanager)
2018-02-28 01:03:12.768 -DEBUG 10972 [  restartedMain] com.zhanghe.Application                  : Running with Spring Boot v1.5.2.RELEASE, Spring v4.3.7.RELEASE
2018-02-28 01:03:12.769 - INFO 10972 [  restartedMain] com.zhanghe.Application                  : The following profiles are active: dev
2018-02-28 01:03:17.614 - INFO 10972 [  restartedMain] com.zhanghe.Application                  : Started Application in 5.112 seconds (JVM running for 5.432)
2018-02-28 20:30:10.947 - INFO 8484 [  restartedMain] com.zhanghe.Application                  : Starting Application on Clevo-PC with PID 8484 (F:\GitWorkSpace\pwmanager\target\classes started by Clevo in F:\GitWorkSpace\pwmanager)
2018-02-28 20:30:10.948 -DEBUG 8484 [  restartedMain] com.zhanghe.Application                  : Running with Spring Boot v1.5.2.RELEASE, Spring v4.3.7.RELEASE
2018-02-28 20:30:10.948 - INFO 8484 [  restartedMain] com.zhanghe.Application                  : The following profiles are active: dev
2018-02-28 20:52:58.819 - INFO 3264 [  restartedMain] com.zhanghe.Application                  : Starting Application on Clevo-PC with PID 3264 (F:\GitWorkSpace\pwmanager\target\classes started by Clevo in F:\GitWorkSpace\pwmanager)
2018-02-28 20:52:58.820 -DEBUG 3264 [  restartedMain] com.zhanghe.Application                  : Running with Spring Boot v1.5.2.RELEASE, Spring v4.3.7.RELEASE
2018-02-28 20:52:58.820 - INFO 3264 [  restartedMain] com.zhanghe.Application                  : The following profiles are active: dev
2018-02-28 20:53:21.361 - INFO 3264 [  restartedMain] com.zhanghe.Application                  : Started Application in 22.813 seconds (JVM running for 23.165)
2018-02-28 21:00:07.545 -DEBUG 3264 [ XNIO-2 task-18] c.z.mapper.AccountMapper.selectPage      : ==>  Preparing: SELECT COUNT(1) FROM account 
2018-02-28 21:00:07.629 -DEBUG 3264 [ XNIO-2 task-18] c.z.mapper.AccountMapper.selectPage      : ==> Parameters: 
2018-02-28 21:00:07.640 -DEBUG 3264 [ XNIO-2 task-18] c.z.mapper.AccountMapper.selectPage      : ==>  Preparing: SELECT id,loginaccount,`password`,email,phone,`domain`,`name` FROM account 
2018-02-28 21:00:07.642 -DEBUG 3264 [ XNIO-2 task-18] c.z.mapper.AccountMapper.selectPage      : ==> Parameters: 
2018-02-28 21:00:07.646 -DEBUG 3264 [ XNIO-2 task-18] c.z.mapper.AccountMapper.selectPage      : <==      Total: 0
2018-02-28 21:00:46.588 -DEBUG 3264 [ XNIO-2 task-19] com.zhanghe.mapper.AccountMapper.insert  : ==>  Preparing: INSERT INTO account ( loginaccount, `password`, phone, `domain`, `name` ) VALUES ( ?, ?, ?, ?, ? ) 
2018-02-28 21:00:46.592 -DEBUG 3264 [ XNIO-2 task-19] com.zhanghe.mapper.AccountMapper.insert  : ==> Parameters: 554645932(String), zhangheDD007(String), 15378202040(String), www.qq.com(String), qq(String)
2018-02-28 21:00:46.593 -DEBUG 3264 [ XNIO-2 task-19] com.zhanghe.mapper.AccountMapper.insert  : <==    Updates: 1
2018-02-28 21:00:52.782 -DEBUG 3264 [ XNIO-2 task-20] c.z.mapper.AccountMapper.selectPage      : ==>  Preparing: SELECT COUNT(1) FROM account 
2018-02-28 21:00:52.782 -DEBUG 3264 [ XNIO-2 task-20] c.z.mapper.AccountMapper.selectPage      : ==> Parameters: 
2018-02-28 21:00:52.799 -DEBUG 3264 [ XNIO-2 task-20] c.z.mapper.AccountMapper.selectPage      : ==>  Preparing: SELECT id,loginaccount,`password`,email,phone,`domain`,`name` FROM account LIMIT 0,10 
2018-02-28 21:00:52.800 -DEBUG 3264 [ XNIO-2 task-20] c.z.mapper.AccountMapper.selectPage      : ==> Parameters: 
2018-02-28 21:00:52.804 -DEBUG 3264 [ XNIO-2 task-20] c.z.mapper.AccountMapper.selectPage      : <==      Total: 1
2018-02-28 22:08:14.348 -DEBUG 3264 [ XNIO-2 task-22] com.zhanghe.mapper.UserMapper.selectOne  : ==>  Preparing: SELECT id,userName,`name`,`password`,salt,`status` FROM user WHERE userName=? 
2018-02-28 22:08:14.376 -DEBUG 3264 [ XNIO-2 task-22] com.zhanghe.mapper.UserMapper.selectOne  : ==> Parameters: zhang(String)
2018-02-28 22:08:14.378 -DEBUG 3264 [ XNIO-2 task-22] com.zhanghe.mapper.UserMapper.selectOne  : <==      Total: 1
2018-02-28 22:08:14.392 -DEBUG 3264 [ XNIO-2 task-22] com.zhanghe.mapper.UserMapper.selectOne  : ==>  Preparing: SELECT id,userName,`name`,`password`,salt,`status` FROM user WHERE userName=? 
2018-02-28 22:08:14.393 -DEBUG 3264 [ XNIO-2 task-22] com.zhanghe.mapper.UserMapper.selectOne  : ==> Parameters: zhang(String)
2018-02-28 22:08:14.394 -DEBUG 3264 [ XNIO-2 task-22] com.zhanghe.mapper.UserMapper.selectOne  : <==      Total: 1
2018-02-28 22:08:14.401 -DEBUG 3264 [ XNIO-2 task-22] com.zhanghe.mapper.UserMapper.selectOne  : ==>  Preparing: SELECT id,userName,`name`,`password`,salt,`status` FROM user WHERE userName=? 
2018-02-28 22:08:14.402 -DEBUG 3264 [ XNIO-2 task-22] com.zhanghe.mapper.UserMapper.selectOne  : ==> Parameters: zhang(String)
2018-02-28 22:08:14.403 -DEBUG 3264 [ XNIO-2 task-22] com.zhanghe.mapper.UserMapper.selectOne  : <==      Total: 1
2018-02-28 22:12:14.745 -DEBUG 3264 [ XNIO-2 task-24] com.zhanghe.mapper.UserMapper.selectOne  : ==>  Preparing: SELECT id,userName,`name`,`password`,salt,`status` FROM user WHERE userName=? 
2018-02-28 22:12:14.745 -DEBUG 3264 [ XNIO-2 task-24] com.zhanghe.mapper.UserMapper.selectOne  : ==> Parameters: zhang(String)
2018-02-28 22:12:14.747 -DEBUG 3264 [ XNIO-2 task-24] com.zhanghe.mapper.UserMapper.selectOne  : <==      Total: 1
2018-02-28 22:12:14.748 -DEBUG 3264 [ XNIO-2 task-24] com.zhanghe.mapper.UserMapper.selectOne  : ==>  Preparing: SELECT id,userName,`name`,`password`,salt,`status` FROM user WHERE userName=? 
2018-02-28 22:12:14.749 -DEBUG 3264 [ XNIO-2 task-24] com.zhanghe.mapper.UserMapper.selectOne  : ==> Parameters: zhang(String)
2018-02-28 22:12:14.751 -DEBUG 3264 [ XNIO-2 task-24] com.zhanghe.mapper.UserMapper.selectOne  : <==      Total: 1
2018-02-28 22:12:14.753 -DEBUG 3264 [ XNIO-2 task-24] com.zhanghe.mapper.UserMapper.selectOne  : ==>  Preparing: SELECT id,userName,`name`,`password`,salt,`status` FROM user WHERE userName=? 
2018-02-28 22:12:14.754 -DEBUG 3264 [ XNIO-2 task-24] com.zhanghe.mapper.UserMapper.selectOne  : ==> Parameters: zhang(String)
2018-02-28 22:12:14.756 -DEBUG 3264 [ XNIO-2 task-24] com.zhanghe.mapper.UserMapper.selectOne  : <==      Total: 1
2018-02-28 22:15:09.092 -DEBUG 3264 [ XNIO-2 task-26] com.zhanghe.mapper.UserMapper.selectOne  : ==>  Preparing: SELECT id,userName,`name`,`password`,salt,`status` FROM user WHERE userName=? 
2018-02-28 22:15:09.092 -DEBUG 3264 [ XNIO-2 task-26] com.zhanghe.mapper.UserMapper.selectOne  : ==> Parameters: zhang(String)
2018-02-28 22:15:09.094 -DEBUG 3264 [ XNIO-2 task-26] com.zhanghe.mapper.UserMapper.selectOne  : <==      Total: 1
2018-02-28 22:15:09.095 -DEBUG 3264 [ XNIO-2 task-26] com.zhanghe.mapper.UserMapper.selectOne  : ==>  Preparing: SELECT id,userName,`name`,`password`,salt,`status` FROM user WHERE userName=? 
2018-02-28 22:15:09.095 -DEBUG 3264 [ XNIO-2 task-26] com.zhanghe.mapper.UserMapper.selectOne  : ==> Parameters: zhang(String)
2018-02-28 22:15:09.097 -DEBUG 3264 [ XNIO-2 task-26] com.zhanghe.mapper.UserMapper.selectOne  : <==      Total: 1
2018-02-28 22:15:09.098 -DEBUG 3264 [ XNIO-2 task-26] com.zhanghe.mapper.UserMapper.selectOne  : ==>  Preparing: SELECT id,userName,`name`,`password`,salt,`status` FROM user WHERE userName=? 
2018-02-28 22:15:09.099 -DEBUG 3264 [ XNIO-2 task-26] com.zhanghe.mapper.UserMapper.selectOne  : ==> Parameters: zhang(String)
2018-02-28 22:15:09.100 -DEBUG 3264 [ XNIO-2 task-26] com.zhanghe.mapper.UserMapper.selectOne  : <==      Total: 1
2018-02-28 22:15:20.263 -DEBUG 3264 [ XNIO-2 task-28] com.zhanghe.mapper.UserMapper.selectOne  : ==>  Preparing: SELECT id,userName,`name`,`password`,salt,`status` FROM user WHERE userName=? 
2018-02-28 22:15:20.264 -DEBUG 3264 [ XNIO-2 task-28] com.zhanghe.mapper.UserMapper.selectOne  : ==> Parameters: zhang(String)
2018-02-28 22:15:20.266 -DEBUG 3264 [ XNIO-2 task-28] com.zhanghe.mapper.UserMapper.selectOne  : <==      Total: 1
2018-02-28 22:15:20.268 -DEBUG 3264 [ XNIO-2 task-28] com.zhanghe.mapper.UserMapper.selectOne  : ==>  Preparing: SELECT id,userName,`name`,`password`,salt,`status` FROM user WHERE userName=? 
2018-02-28 22:15:20.269 -DEBUG 3264 [ XNIO-2 task-28] com.zhanghe.mapper.UserMapper.selectOne  : ==> Parameters: zhang(String)
2018-02-28 22:15:20.271 -DEBUG 3264 [ XNIO-2 task-28] com.zhanghe.mapper.UserMapper.selectOne  : <==      Total: 1
2018-02-28 22:15:20.273 -DEBUG 3264 [ XNIO-2 task-28] com.zhanghe.mapper.UserMapper.selectOne  : ==>  Preparing: SELECT id,userName,`name`,`password`,salt,`status` FROM user WHERE userName=? 
2018-02-28 22:15:20.274 -DEBUG 3264 [ XNIO-2 task-28] com.zhanghe.mapper.UserMapper.selectOne  : ==> Parameters: zhang(String)
2018-02-28 22:15:20.276 -DEBUG 3264 [ XNIO-2 task-28] com.zhanghe.mapper.UserMapper.selectOne  : <==      Total: 1
2018-02-28 22:24:11.612 - INFO 7536 [  restartedMain] com.zhanghe.Application                  : Starting Application on Clevo-PC with PID 7536 (F:\GitWorkSpace\pwmanager\target\classes started by Clevo in F:\GitWorkSpace\pwmanager)
2018-02-28 22:24:11.613 -DEBUG 7536 [  restartedMain] com.zhanghe.Application                  : Running with Spring Boot v1.5.2.RELEASE, Spring v4.3.7.RELEASE
2018-02-28 22:24:11.613 - INFO 7536 [  restartedMain] com.zhanghe.Application                  : The following profiles are active: dev
2018-02-28 22:24:16.246 - INFO 7536 [  restartedMain] com.zhanghe.Application                  : Started Application in 4.887 seconds (JVM running for 5.215)
2018-02-28 22:24:27.385 -DEBUG 7536 [  XNIO-2 task-2] com.zhanghe.mapper.UserMapper.selectOne  : ==>  Preparing: SELECT id,userName,`name`,`password`,salt,`status` FROM user WHERE userName=? 
2018-02-28 22:24:27.449 -DEBUG 7536 [  XNIO-2 task-2] com.zhanghe.mapper.UserMapper.selectOne  : ==> Parameters: zhang(String)
2018-02-28 22:24:27.460 -DEBUG 7536 [  XNIO-2 task-2] com.zhanghe.mapper.UserMapper.selectOne  : <==      Total: 1
2018-02-28 22:24:27.463 -DEBUG 7536 [  XNIO-2 task-2] com.zhanghe.mapper.UserMapper.selectOne  : ==>  Preparing: SELECT id,userName,`name`,`password`,salt,`status` FROM user WHERE userName=? 
2018-02-28 22:24:27.464 -DEBUG 7536 [  XNIO-2 task-2] com.zhanghe.mapper.UserMapper.selectOne  : ==> Parameters: zhang(String)
2018-02-28 22:24:27.465 -DEBUG 7536 [  XNIO-2 task-2] com.zhanghe.mapper.UserMapper.selectOne  : <==      Total: 1
2018-02-28 22:24:27.471 -DEBUG 7536 [  XNIO-2 task-2] com.zhanghe.mapper.UserMapper.selectOne  : ==>  Preparing: SELECT id,userName,`name`,`password`,salt,`status` FROM user WHERE userName=? 
2018-02-28 22:24:27.472 -DEBUG 7536 [  XNIO-2 task-2] com.zhanghe.mapper.UserMapper.selectOne  : ==> Parameters: zhang(String)
2018-02-28 22:24:27.474 -DEBUG 7536 [  XNIO-2 task-2] com.zhanghe.mapper.UserMapper.selectOne  : <==      Total: 1
2018-02-28 22:25:47.258 -DEBUG 7536 [ XNIO-2 task-10] com.zhanghe.mapper.UserMapper.selectOne  : ==>  Preparing: SELECT id,userName,`name`,`password`,salt,`status` FROM user WHERE userName=? 
2018-02-28 22:25:47.259 -DEBUG 7536 [ XNIO-2 task-10] com.zhanghe.mapper.UserMapper.selectOne  : ==> Parameters: zhang(String)
2018-02-28 22:25:47.260 -DEBUG 7536 [ XNIO-2 task-10] com.zhanghe.mapper.UserMapper.selectOne  : <==      Total: 1
2018-02-28 22:25:47.262 -DEBUG 7536 [ XNIO-2 task-10] com.zhanghe.mapper.UserMapper.selectOne  : ==>  Preparing: SELECT id,userName,`name`,`password`,salt,`status` FROM user WHERE userName=? 
2018-02-28 22:25:47.263 -DEBUG 7536 [ XNIO-2 task-10] com.zhanghe.mapper.UserMapper.selectOne  : ==> Parameters: zhang(String)
2018-02-28 22:25:47.266 -DEBUG 7536 [ XNIO-2 task-10] com.zhanghe.mapper.UserMapper.selectOne  : <==      Total: 1
2018-02-28 22:25:47.268 -DEBUG 7536 [ XNIO-2 task-10] com.zhanghe.mapper.UserMapper.selectOne  : ==>  Preparing: SELECT id,userName,`name`,`password`,salt,`status` FROM user WHERE userName=? 
2018-02-28 22:25:47.269 -DEBUG 7536 [ XNIO-2 task-10] com.zhanghe.mapper.UserMapper.selectOne  : ==> Parameters: zhang(String)
2018-02-28 22:25:47.271 -DEBUG 7536 [ XNIO-2 task-10] com.zhanghe.mapper.UserMapper.selectOne  : <==      Total: 1
2018-02-28 22:27:51.130 -DEBUG 7536 [ XNIO-2 task-12] com.zhanghe.mapper.UserMapper.selectOne  : ==>  Preparing: SELECT id,userName,`name`,`password`,salt,`status` FROM user WHERE userName=? 
2018-02-28 22:27:51.131 -DEBUG 7536 [ XNIO-2 task-12] com.zhanghe.mapper.UserMapper.selectOne  : ==> Parameters: zhang(String)
2018-02-28 22:27:51.132 -DEBUG 7536 [ XNIO-2 task-12] com.zhanghe.mapper.UserMapper.selectOne  : <==      Total: 1
2018-02-28 22:27:51.133 -DEBUG 7536 [ XNIO-2 task-12] com.zhanghe.mapper.UserMapper.selectOne  : ==>  Preparing: SELECT id,userName,`name`,`password`,salt,`status` FROM user WHERE userName=? 
2018-02-28 22:27:51.133 -DEBUG 7536 [ XNIO-2 task-12] com.zhanghe.mapper.UserMapper.selectOne  : ==> Parameters: zhang(String)
2018-02-28 22:27:51.135 -DEBUG 7536 [ XNIO-2 task-12] com.zhanghe.mapper.UserMapper.selectOne  : <==      Total: 1
2018-02-28 22:27:51.136 -DEBUG 7536 [ XNIO-2 task-12] com.zhanghe.mapper.UserMapper.selectOne  : ==>  Preparing: SELECT id,userName,`name`,`password`,salt,`status` FROM user WHERE userName=? 
2018-02-28 22:27:51.137 -DEBUG 7536 [ XNIO-2 task-12] com.zhanghe.mapper.UserMapper.selectOne  : ==> Parameters: zhang(String)
2018-02-28 22:27:51.139 -DEBUG 7536 [ XNIO-2 task-12] com.zhanghe.mapper.UserMapper.selectOne  : <==      Total: 1
2018-02-28 22:28:35.370 -DEBUG 7536 [ XNIO-2 task-14] com.zhanghe.mapper.UserMapper.selectOne  : ==>  Preparing: SELECT id,userName,`name`,`password`,salt,`status` FROM user WHERE userName=? 
2018-02-28 22:28:35.371 -DEBUG 7536 [ XNIO-2 task-14] com.zhanghe.mapper.UserMapper.selectOne  : ==> Parameters: zhang(String)
2018-02-28 22:28:35.372 -DEBUG 7536 [ XNIO-2 task-14] com.zhanghe.mapper.UserMapper.selectOne  : <==      Total: 1
2018-02-28 22:28:35.373 -DEBUG 7536 [ XNIO-2 task-14] com.zhanghe.mapper.UserMapper.selectOne  : ==>  Preparing: SELECT id,userName,`name`,`password`,salt,`status` FROM user WHERE userName=? 
2018-02-28 22:28:35.374 -DEBUG 7536 [ XNIO-2 task-14] com.zhanghe.mapper.UserMapper.selectOne  : ==> Parameters: zhang(String)
2018-02-28 22:28:35.375 -DEBUG 7536 [ XNIO-2 task-14] com.zhanghe.mapper.UserMapper.selectOne  : <==      Total: 1
2018-02-28 22:28:35.377 -DEBUG 7536 [ XNIO-2 task-14] com.zhanghe.mapper.UserMapper.selectOne  : ==>  Preparing: SELECT id,userName,`name`,`password`,salt,`status` FROM user WHERE userName=? 
2018-02-28 22:28:35.377 -DEBUG 7536 [ XNIO-2 task-14] com.zhanghe.mapper.UserMapper.selectOne  : ==> Parameters: zhang(String)
2018-02-28 22:28:35.378 -DEBUG 7536 [ XNIO-2 task-14] com.zhanghe.mapper.UserMapper.selectOne  : <==      Total: 1
2018-02-28 22:40:57.905 - INFO 14052 [  restartedMain] com.zhanghe.Application                  : Starting Application on Clevo-PC with PID 14052 (F:\GitWorkSpace\pwmanager\target\classes started by Clevo in F:\GitWorkSpace\pwmanager)
2018-02-28 22:40:57.905 -DEBUG 14052 [  restartedMain] com.zhanghe.Application                  : Running with Spring Boot v1.5.2.RELEASE, Spring v4.3.7.RELEASE
2018-02-28 22:40:57.906 - INFO 14052 [  restartedMain] com.zhanghe.Application                  : The following profiles are active: dev
2018-02-28 22:41:02.655 - INFO 14052 [  restartedMain] com.zhanghe.Application                  : Started Application in 5.033 seconds (JVM running for 5.506)
2018-02-28 22:42:55.566 -DEBUG 14052 [  XNIO-2 task-2] com.zhanghe.mapper.UserMapper.selectOne  : ==>  Preparing: SELECT id,userName,`name`,`password`,salt,`status` FROM user WHERE userName=? 
2018-02-28 22:42:55.624 -DEBUG 14052 [  XNIO-2 task-2] com.zhanghe.mapper.UserMapper.selectOne  : ==> Parameters: zhang(String)
2018-02-28 22:42:55.635 -DEBUG 14052 [  XNIO-2 task-2] com.zhanghe.mapper.UserMapper.selectOne  : <==      Total: 1
2018-02-28 22:42:55.638 -DEBUG 14052 [  XNIO-2 task-2] com.zhanghe.mapper.UserMapper.selectOne  : ==>  Preparing: SELECT id,userName,`name`,`password`,salt,`status` FROM user WHERE userName=? 
2018-02-28 22:42:55.639 -DEBUG 14052 [  XNIO-2 task-2] com.zhanghe.mapper.UserMapper.selectOne  : ==> Parameters: zhang(String)
2018-02-28 22:42:55.640 -DEBUG 14052 [  XNIO-2 task-2] com.zhanghe.mapper.UserMapper.selectOne  : <==      Total: 1
2018-02-28 22:42:55.646 -DEBUG 14052 [  XNIO-2 task-2] com.zhanghe.mapper.UserMapper.selectOne  : ==>  Preparing: SELECT id,userName,`name`,`password`,salt,`status` FROM user WHERE userName=? 
2018-02-28 22:42:55.647 -DEBUG 14052 [  XNIO-2 task-2] com.zhanghe.mapper.UserMapper.selectOne  : ==> Parameters: zhang(String)
2018-02-28 22:42:55.648 -DEBUG 14052 [  XNIO-2 task-2] com.zhanghe.mapper.UserMapper.selectOne  : <==      Total: 1
2018-02-28 22:48:22.682 -DEBUG 14052 [  XNIO-2 task-4] com.zhanghe.mapper.UserMapper.selectOne  : ==>  Preparing: SELECT id,userName,`name`,`password`,salt,`status` FROM user WHERE userName=? 
2018-02-28 22:48:22.684 -DEBUG 14052 [  XNIO-2 task-4] com.zhanghe.mapper.UserMapper.selectOne  : ==> Parameters: zhang(String)
2018-02-28 22:48:22.686 -DEBUG 14052 [  XNIO-2 task-4] com.zhanghe.mapper.UserMapper.selectOne  : <==      Total: 1
2018-02-28 22:48:22.688 -DEBUG 14052 [  XNIO-2 task-4] com.zhanghe.mapper.UserMapper.selectOne  : ==>  Preparing: SELECT id,userName,`name`,`password`,salt,`status` FROM user WHERE userName=? 
2018-02-28 22:48:22.688 -DEBUG 14052 [  XNIO-2 task-4] com.zhanghe.mapper.UserMapper.selectOne  : ==> Parameters: zhang(String)
2018-02-28 22:48:22.690 -DEBUG 14052 [  XNIO-2 task-4] com.zhanghe.mapper.UserMapper.selectOne  : <==      Total: 1
2018-02-28 22:48:22.692 -DEBUG 14052 [  XNIO-2 task-4] com.zhanghe.mapper.UserMapper.selectOne  : ==>  Preparing: SELECT id,userName,`name`,`password`,salt,`status` FROM user WHERE userName=? 
2018-02-28 22:48:22.693 -DEBUG 14052 [  XNIO-2 task-4] com.zhanghe.mapper.UserMapper.selectOne  : ==> Parameters: zhang(String)
2018-02-28 22:48:22.695 -DEBUG 14052 [  XNIO-2 task-4] com.zhanghe.mapper.UserMapper.selectOne  : <==      Total: 1
2018-02-28 22:49:20.734 -DEBUG 14052 [  XNIO-2 task-6] com.zhanghe.mapper.UserMapper.selectOne  : ==>  Preparing: SELECT id,userName,`name`,`password`,salt,`status` FROM user WHERE userName=? 
2018-02-28 22:49:20.735 -DEBUG 14052 [  XNIO-2 task-6] com.zhanghe.mapper.UserMapper.selectOne  : ==> Parameters: zhang(String)
2018-02-28 22:49:20.737 -DEBUG 14052 [  XNIO-2 task-6] com.zhanghe.mapper.UserMapper.selectOne  : <==      Total: 1
2018-02-28 22:49:20.739 -DEBUG 14052 [  XNIO-2 task-6] com.zhanghe.mapper.UserMapper.selectOne  : ==>  Preparing: SELECT id,userName,`name`,`password`,salt,`status` FROM user WHERE userName=? 
2018-02-28 22:49:20.740 -DEBUG 14052 [  XNIO-2 task-6] com.zhanghe.mapper.UserMapper.selectOne  : ==> Parameters: zhang(String)
2018-02-28 22:49:20.741 -DEBUG 14052 [  XNIO-2 task-6] com.zhanghe.mapper.UserMapper.selectOne  : <==      Total: 1
2018-02-28 22:49:20.743 -DEBUG 14052 [  XNIO-2 task-6] com.zhanghe.mapper.UserMapper.selectOne  : ==>  Preparing: SELECT id,userName,`name`,`password`,salt,`status` FROM user WHERE userName=? 
2018-02-28 22:49:20.744 -DEBUG 14052 [  XNIO-2 task-6] com.zhanghe.mapper.UserMapper.selectOne  : ==> Parameters: zhang(String)
2018-02-28 22:49:20.745 -DEBUG 14052 [  XNIO-2 task-6] com.zhanghe.mapper.UserMapper.selectOne  : <==      Total: 1
2018-02-28 23:02:28.204 -DEBUG 14052 [ XNIO-2 task-16] com.zhanghe.mapper.UserMapper.selectOne  : ==>  Preparing: SELECT id,userName,`name`,`password`,salt,`status` FROM user WHERE userName=? 
2018-02-28 23:02:28.206 -DEBUG 14052 [ XNIO-2 task-16] com.zhanghe.mapper.UserMapper.selectOne  : ==> Parameters: zhang(String)
2018-02-28 23:02:28.207 -DEBUG 14052 [ XNIO-2 task-16] com.zhanghe.mapper.UserMapper.selectOne  : <==      Total: 1
2018-02-28 23:02:28.209 -DEBUG 14052 [ XNIO-2 task-16] com.zhanghe.mapper.UserMapper.selectOne  : ==>  Preparing: SELECT id,userName,`name`,`password`,salt,`status` FROM user WHERE userName=? 
2018-02-28 23:02:28.210 -DEBUG 14052 [ XNIO-2 task-16] com.zhanghe.mapper.UserMapper.selectOne  : ==> Parameters: zhang(String)
2018-02-28 23:02:28.212 -DEBUG 14052 [ XNIO-2 task-16] com.zhanghe.mapper.UserMapper.selectOne  : <==      Total: 1
2018-02-28 23:02:28.214 -DEBUG 14052 [ XNIO-2 task-16] com.zhanghe.mapper.UserMapper.selectOne  : ==>  Preparing: SELECT id,userName,`name`,`password`,salt,`status` FROM user WHERE userName=? 
2018-02-28 23:02:28.214 -DEBUG 14052 [ XNIO-2 task-16] com.zhanghe.mapper.UserMapper.selectOne  : ==> Parameters: zhang(String)
2018-02-28 23:02:28.216 -DEBUG 14052 [ XNIO-2 task-16] com.zhanghe.mapper.UserMapper.selectOne  : <==      Total: 1
2018-02-28 23:06:16.212 -DEBUG 14052 [ XNIO-2 task-21] com.zhanghe.mapper.UserMapper.selectOne  : ==>  Preparing: SELECT id,userName,`name`,`password`,salt,`status` FROM user WHERE userName=? 
2018-02-28 23:06:16.213 -DEBUG 14052 [ XNIO-2 task-21] com.zhanghe.mapper.UserMapper.selectOne  : ==> Parameters: zhang(String)
2018-02-28 23:06:16.216 -DEBUG 14052 [ XNIO-2 task-21] com.zhanghe.mapper.UserMapper.selectOne  : <==      Total: 1
2018-02-28 23:06:16.218 -DEBUG 14052 [ XNIO-2 task-21] com.zhanghe.mapper.UserMapper.selectOne  : ==>  Preparing: SELECT id,userName,`name`,`password`,salt,`status` FROM user WHERE userName=? 
2018-02-28 23:06:16.219 -DEBUG 14052 [ XNIO-2 task-21] com.zhanghe.mapper.UserMapper.selectOne  : ==> Parameters: zhang(String)
2018-02-28 23:06:16.221 -DEBUG 14052 [ XNIO-2 task-21] com.zhanghe.mapper.UserMapper.selectOne  : <==      Total: 1
2018-02-28 23:06:16.224 -DEBUG 14052 [ XNIO-2 task-21] com.zhanghe.mapper.UserMapper.selectOne  : ==>  Preparing: SELECT id,userName,`name`,`password`,salt,`status` FROM user WHERE userName=? 
2018-02-28 23:06:16.224 -DEBUG 14052 [ XNIO-2 task-21] com.zhanghe.mapper.UserMapper.selectOne  : ==> Parameters: zhang(String)
2018-02-28 23:06:16.226 -DEBUG 14052 [ XNIO-2 task-21] com.zhanghe.mapper.UserMapper.selectOne  : <==      Total: 1
2018-02-28 23:06:30.383 -DEBUG 14052 [ XNIO-2 task-24] com.zhanghe.mapper.UserMapper.selectOne  : ==>  Preparing: SELECT id,userName,`name`,`password`,salt,`status` FROM user WHERE userName=? 
2018-02-28 23:06:30.388 -DEBUG 14052 [ XNIO-2 task-24] com.zhanghe.mapper.UserMapper.selectOne  : ==> Parameters: zhang(String)
2018-02-28 23:06:30.398 -DEBUG 14052 [ XNIO-2 task-24] com.zhanghe.mapper.UserMapper.selectOne  : <==      Total: 1
2018-02-28 23:06:30.400 -DEBUG 14052 [ XNIO-2 task-24] com.zhanghe.mapper.UserMapper.selectOne  : ==>  Preparing: SELECT id,userName,`name`,`password`,salt,`status` FROM user WHERE userName=? 
2018-02-28 23:06:30.401 -DEBUG 14052 [ XNIO-2 task-24] com.zhanghe.mapper.UserMapper.selectOne  : ==> Parameters: zhang(String)
2018-02-28 23:06:30.403 -DEBUG 14052 [ XNIO-2 task-24] com.zhanghe.mapper.UserMapper.selectOne  : <==      Total: 1
2018-02-28 23:06:30.405 -DEBUG 14052 [ XNIO-2 task-24] com.zhanghe.mapper.UserMapper.selectOne  : ==>  Preparing: SELECT id,userName,`name`,`password`,salt,`status` FROM user WHERE userName=? 
2018-02-28 23:06:30.406 -DEBUG 14052 [ XNIO-2 task-24] com.zhanghe.mapper.UserMapper.selectOne  : ==> Parameters: zhang(String)
2018-02-28 23:06:30.408 -DEBUG 14052 [ XNIO-2 task-24] com.zhanghe.mapper.UserMapper.selectOne  : <==      Total: 1
2018-02-28 23:07:17.603 -DEBUG 14052 [ XNIO-2 task-26] com.zhanghe.mapper.UserMapper.selectOne  : ==>  Preparing: SELECT id,userName,`name`,`password`,salt,`status` FROM user WHERE userName=? 
2018-02-28 23:07:17.604 -DEBUG 14052 [ XNIO-2 task-26] com.zhanghe.mapper.UserMapper.selectOne  : ==> Parameters: zhang(String)
2018-02-28 23:07:17.606 -DEBUG 14052 [ XNIO-2 task-26] com.zhanghe.mapper.UserMapper.selectOne  : <==      Total: 1
2018-02-28 23:07:17.607 -DEBUG 14052 [ XNIO-2 task-26] com.zhanghe.mapper.UserMapper.selectOne  : ==>  Preparing: SELECT id,userName,`name`,`password`,salt,`status` FROM user WHERE userName=? 
2018-02-28 23:07:17.607 -DEBUG 14052 [ XNIO-2 task-26] com.zhanghe.mapper.UserMapper.selectOne  : ==> Parameters: zhang(String)
2018-02-28 23:07:17.608 -DEBUG 14052 [ XNIO-2 task-26] com.zhanghe.mapper.UserMapper.selectOne  : <==      Total: 1
2018-02-28 23:07:17.609 -DEBUG 14052 [ XNIO-2 task-26] com.zhanghe.mapper.UserMapper.selectOne  : ==>  Preparing: SELECT id,userName,`name`,`password`,salt,`status` FROM user WHERE userName=? 
2018-02-28 23:07:17.610 -DEBUG 14052 [ XNIO-2 task-26] com.zhanghe.mapper.UserMapper.selectOne  : ==> Parameters: zhang(String)
2018-02-28 23:07:17.611 -DEBUG 14052 [ XNIO-2 task-26] com.zhanghe.mapper.UserMapper.selectOne  : <==      Total: 1
2018-02-28 23:08:21.837 -DEBUG 14052 [ XNIO-2 task-28] com.zhanghe.mapper.UserMapper.selectOne  : ==>  Preparing: SELECT id,userName,`name`,`password`,salt,`status` FROM user WHERE userName=? 
2018-02-28 23:08:21.838 -DEBUG 14052 [ XNIO-2 task-28] com.zhanghe.mapper.UserMapper.selectOne  : ==> Parameters: zhang(String)
2018-02-28 23:08:21.840 -DEBUG 14052 [ XNIO-2 task-28] com.zhanghe.mapper.UserMapper.selectOne  : <==      Total: 1
2018-02-28 23:08:21.842 -DEBUG 14052 [ XNIO-2 task-28] com.zhanghe.mapper.UserMapper.selectOne  : ==>  Preparing: SELECT id,userName,`name`,`password`,salt,`status` FROM user WHERE userName=? 
2018-02-28 23:08:21.843 -DEBUG 14052 [ XNIO-2 task-28] com.zhanghe.mapper.UserMapper.selectOne  : ==> Parameters: zhang(String)
2018-02-28 23:08:21.845 -DEBUG 14052 [ XNIO-2 task-28] com.zhanghe.mapper.UserMapper.selectOne  : <==      Total: 1
2018-02-28 23:08:21.846 -DEBUG 14052 [ XNIO-2 task-28] com.zhanghe.mapper.UserMapper.selectOne  : ==>  Preparing: SELECT id,userName,`name`,`password`,salt,`status` FROM user WHERE userName=? 
2018-02-28 23:08:21.847 -DEBUG 14052 [ XNIO-2 task-28] com.zhanghe.mapper.UserMapper.selectOne  : ==> Parameters: zhang(String)
2018-02-28 23:08:21.848 -DEBUG 14052 [ XNIO-2 task-28] com.zhanghe.mapper.UserMapper.selectOne  : <==      Total: 1
2018-02-28 23:08:40.400 -DEBUG 14052 [ XNIO-2 task-31] com.zhanghe.mapper.UserMapper.selectOne  : ==>  Preparing: SELECT id,userName,`name`,`password`,salt,`status` FROM user WHERE userName=? 
2018-02-28 23:08:40.401 -DEBUG 14052 [ XNIO-2 task-31] com.zhanghe.mapper.UserMapper.selectOne  : ==> Parameters: zhang(String)
2018-02-28 23:08:40.402 -DEBUG 14052 [ XNIO-2 task-31] com.zhanghe.mapper.UserMapper.selectOne  : <==      Total: 1
2018-02-28 23:08:40.404 -DEBUG 14052 [ XNIO-2 task-31] com.zhanghe.mapper.UserMapper.selectOne  : ==>  Preparing: SELECT id,userName,`name`,`password`,salt,`status` FROM user WHERE userName=? 
2018-02-28 23:08:40.404 -DEBUG 14052 [ XNIO-2 task-31] com.zhanghe.mapper.UserMapper.selectOne  : ==> Parameters: zhang(String)
2018-02-28 23:08:40.405 -DEBUG 14052 [ XNIO-2 task-31] com.zhanghe.mapper.UserMapper.selectOne  : <==      Total: 1
2018-02-28 23:08:40.407 -DEBUG 14052 [ XNIO-2 task-31] com.zhanghe.mapper.UserMapper.selectOne  : ==>  Preparing: SELECT id,userName,`name`,`password`,salt,`status` FROM user WHERE userName=? 
2018-02-28 23:08:40.408 -DEBUG 14052 [ XNIO-2 task-31] com.zhanghe.mapper.UserMapper.selectOne  : ==> Parameters: zhang(String)
2018-02-28 23:08:40.410 -DEBUG 14052 [ XNIO-2 task-31] com.zhanghe.mapper.UserMapper.selectOne  : <==      Total: 1
2018-02-28 23:09:02.247 -DEBUG 14052 [ XNIO-2 task-33] com.zhanghe.mapper.UserMapper.selectOne  : ==>  Preparing: SELECT id,userName,`name`,`password`,salt,`status` FROM user WHERE userName=? 
2018-02-28 23:09:02.248 -DEBUG 14052 [ XNIO-2 task-33] com.zhanghe.mapper.UserMapper.selectOne  : ==> Parameters: zhang(String)
2018-02-28 23:09:02.249 -DEBUG 14052 [ XNIO-2 task-33] com.zhanghe.mapper.UserMapper.selectOne  : <==      Total: 1
2018-02-28 23:09:02.251 -DEBUG 14052 [ XNIO-2 task-33] com.zhanghe.mapper.UserMapper.selectOne  : ==>  Preparing: SELECT id,userName,`name`,`password`,salt,`status` FROM user WHERE userName=? 
2018-02-28 23:09:02.251 -DEBUG 14052 [ XNIO-2 task-33] com.zhanghe.mapper.UserMapper.selectOne  : ==> Parameters: zhang(String)
2018-02-28 23:09:02.253 -DEBUG 14052 [ XNIO-2 task-33] com.zhanghe.mapper.UserMapper.selectOne  : <==      Total: 1
2018-02-28 23:09:02.254 -DEBUG 14052 [ XNIO-2 task-33] com.zhanghe.mapper.UserMapper.selectOne  : ==>  Preparing: SELECT id,userName,`name`,`password`,salt,`status` FROM user WHERE userName=? 
2018-02-28 23:09:02.254 -DEBUG 14052 [ XNIO-2 task-33] com.zhanghe.mapper.UserMapper.selectOne  : ==> Parameters: zhang(String)
2018-02-28 23:09:02.255 -DEBUG 14052 [ XNIO-2 task-33] com.zhanghe.mapper.UserMapper.selectOne  : <==      Total: 1
2018-02-28 23:11:48.593 -DEBUG 14052 [ XNIO-2 task-41] com.zhanghe.mapper.UserMapper.selectOne  : ==>  Preparing: SELECT id,userName,`name`,`password`,salt,`status` FROM user WHERE userName=? 
2018-02-28 23:11:48.594 -DEBUG 14052 [ XNIO-2 task-41] com.zhanghe.mapper.UserMapper.selectOne  : ==> Parameters: zhang(String)
2018-02-28 23:11:48.595 -DEBUG 14052 [ XNIO-2 task-41] com.zhanghe.mapper.UserMapper.selectOne  : <==      Total: 1
2018-02-28 23:11:48.595 -DEBUG 14052 [ XNIO-2 task-41] com.zhanghe.mapper.UserMapper.selectOne  : ==>  Preparing: SELECT id,userName,`name`,`password`,salt,`status` FROM user WHERE userName=? 
2018-02-28 23:11:48.596 -DEBUG 14052 [ XNIO-2 task-41] com.zhanghe.mapper.UserMapper.selectOne  : ==> Parameters: zhang(String)
2018-02-28 23:11:48.598 -DEBUG 14052 [ XNIO-2 task-41] com.zhanghe.mapper.UserMapper.selectOne  : <==      Total: 1
2018-02-28 23:11:48.598 -DEBUG 14052 [ XNIO-2 task-41] com.zhanghe.mapper.UserMapper.selectOne  : ==>  Preparing: SELECT id,userName,`name`,`password`,salt,`status` FROM user WHERE userName=? 
2018-02-28 23:11:48.599 -DEBUG 14052 [ XNIO-2 task-41] com.zhanghe.mapper.UserMapper.selectOne  : ==> Parameters: zhang(String)
2018-02-28 23:11:48.600 -DEBUG 14052 [ XNIO-2 task-41] com.zhanghe.mapper.UserMapper.selectOne  : <==      Total: 1
2018-02-28 23:11:50.538 -DEBUG 14052 [ XNIO-2 task-42] com.zhanghe.mapper.UserMapper.selectOne  : ==>  Preparing: SELECT id,userName,`name`,`password`,salt,`status` FROM user WHERE userName=? 
2018-02-28 23:11:50.538 -DEBUG 14052 [ XNIO-2 task-42] com.zhanghe.mapper.UserMapper.selectOne  : ==> Parameters: zhang(String)
2018-02-28 23:11:50.539 -DEBUG 14052 [ XNIO-2 task-42] com.zhanghe.mapper.UserMapper.selectOne  : <==      Total: 1
2018-02-28 23:11:50.540 -DEBUG 14052 [ XNIO-2 task-42] com.zhanghe.mapper.UserMapper.selectOne  : ==>  Preparing: SELECT id,userName,`name`,`password`,salt,`status` FROM user WHERE userName=? 
2018-02-28 23:11:50.540 -DEBUG 14052 [ XNIO-2 task-42] com.zhanghe.mapper.UserMapper.selectOne  : ==> Parameters: zhang(String)
2018-02-28 23:11:50.541 -DEBUG 14052 [ XNIO-2 task-42] com.zhanghe.mapper.UserMapper.selectOne  : <==      Total: 1
2018-02-28 23:11:50.542 -DEBUG 14052 [ XNIO-2 task-42] com.zhanghe.mapper.UserMapper.selectOne  : ==>  Preparing: SELECT id,userName,`name`,`password`,salt,`status` FROM user WHERE userName=? 
2018-02-28 23:11:50.542 -DEBUG 14052 [ XNIO-2 task-42] com.zhanghe.mapper.UserMapper.selectOne  : ==> Parameters: zhang(String)
2018-02-28 23:11:50.543 -DEBUG 14052 [ XNIO-2 task-42] com.zhanghe.mapper.UserMapper.selectOne  : <==      Total: 1
2018-02-28 23:12:10.388 -DEBUG 14052 [ XNIO-2 task-45] com.zhanghe.mapper.UserMapper.selectOne  : ==>  Preparing: SELECT id,userName,`name`,`password`,salt,`status` FROM user WHERE userName=? 
2018-02-28 23:12:10.388 -DEBUG 14052 [ XNIO-2 task-45] com.zhanghe.mapper.UserMapper.selectOne  : ==> Parameters: zhang(String)
2018-02-28 23:12:10.390 -DEBUG 14052 [ XNIO-2 task-45] com.zhanghe.mapper.UserMapper.selectOne  : <==      Total: 1
2018-02-28 23:12:10.390 -DEBUG 14052 [ XNIO-2 task-45] com.zhanghe.mapper.UserMapper.selectOne  : ==>  Preparing: SELECT id,userName,`name`,`password`,salt,`status` FROM user WHERE userName=? 
2018-02-28 23:12:10.391 -DEBUG 14052 [ XNIO-2 task-45] com.zhanghe.mapper.UserMapper.selectOne  : ==> Parameters: zhang(String)
2018-02-28 23:12:10.392 -DEBUG 14052 [ XNIO-2 task-45] com.zhanghe.mapper.UserMapper.selectOne  : <==      Total: 1
2018-02-28 23:12:10.392 -DEBUG 14052 [ XNIO-2 task-45] com.zhanghe.mapper.UserMapper.selectOne  : ==>  Preparing: SELECT id,userName,`name`,`password`,salt,`status` FROM user WHERE userName=? 
2018-02-28 23:12:10.393 -DEBUG 14052 [ XNIO-2 task-45] com.zhanghe.mapper.UserMapper.selectOne  : ==> Parameters: zhang(String)
2018-02-28 23:12:10.394 -DEBUG 14052 [ XNIO-2 task-45] com.zhanghe.mapper.UserMapper.selectOne  : <==      Total: 1
